Release 14.2 - xst P.28xd (nt64)
Copyright (c) 1995-2012 Xilinx, Inc.  All rights reserved.
--> Parameter TMPDIR set to xst/projnav.tmp


Total REAL time to Xst completion: 0.00 secs
Total CPU time to Xst completion: 0.24 secs
 
--> Parameter xsthdpdir set to xst


Total REAL time to Xst completion: 0.00 secs
Total CPU time to Xst completion: 0.24 secs
 
--> Reading design: AudioTop.prj

TABLE OF CONTENTS
  1) Synthesis Options Summary
  2) HDL Compilation
  3) Design Hierarchy Analysis
  4) HDL Analysis
  5) HDL Synthesis
     5.1) HDL Synthesis Report
  6) Advanced HDL Synthesis
     6.1) Advanced HDL Synthesis Report
  7) Low Level Synthesis
  8) Partition Report
  9) Final Report
	9.1) Device utilization summary
	9.2) Partition Resource Summary
	9.3) TIMING REPORT


=========================================================================
*                      Synthesis Options Summary                        *
=========================================================================
---- Source Parameters
Input File Name                    : "AudioTop.prj"
Input Format                       : mixed
Ignore Synthesis Constraint File   : NO

---- Target Parameters
Output File Name                   : "AudioTop"
Output Format                      : NGC
Target Device                      : xc3s500e-4-fg320

---- Source Options
Top Module Name                    : AudioTop
Automatic FSM Extraction           : YES
FSM Encoding Algorithm             : Auto
Safe Implementation                : No
FSM Style                          : LUT
RAM Extraction                     : Yes
RAM Style                          : Auto
ROM Extraction                     : Yes
Mux Style                          : Auto
Decoder Extraction                 : YES
Priority Encoder Extraction        : Yes
Shift Register Extraction          : YES
Logical Shifter Extraction         : YES
XOR Collapsing                     : YES
ROM Style                          : Auto
Mux Extraction                     : Yes
Resource Sharing                   : YES
Asynchronous To Synchronous        : NO
Multiplier Style                   : Auto
Automatic Register Balancing       : No

---- Target Options
Add IO Buffers                     : YES
Global Maximum Fanout              : 100000
Add Generic Clock Buffer(BUFG)     : 24
Register Duplication               : YES
Slice Packing                      : YES
Optimize Instantiated Primitives   : NO
Use Clock Enable                   : Yes
Use Synchronous Set                : Yes
Use Synchronous Reset              : Yes
Pack IO Registers into IOBs        : Auto
Equivalent register Removal        : YES

---- General Options
Optimization Goal                  : Speed
Optimization Effort                : 1
Keep Hierarchy                     : No
Netlist Hierarchy                  : As_Optimized
RTL Output                         : Yes
Global Optimization                : AllClockNets
Read Cores                         : YES
Write Timing Constraints           : NO
Cross Clock Analysis               : NO
Hierarchy Separator                : /
Bus Delimiter                      : <>
Case Specifier                     : Maintain
Slice Utilization Ratio            : 100
BRAM Utilization Ratio             : 100
Verilog 2001                       : YES
Auto BRAM Packing                  : NO
Slice Utilization Ratio Delta      : 5

=========================================================================


=========================================================================
*                          HDL Compilation                              *
=========================================================================
Compiling vhdl file "C:/Users/BlackHat/Documents/FPGAS/Archivos VHDL/AudioSynthesis/Clk25MHz.vhd" in Library work.
Architecture behavioral of Entity clk25mhz is up to date.
Compiling vhdl file "C:/Users/BlackHat/Documents/FPGAS/Archivos VHDL/AudioSynthesis/PS2Controller.vhd" in Library work.
Entity <ps2controller> compiled.
Entity <ps2controller> (Architecture <behavioral>) compiled.
Compiling vhdl file "C:/Users/BlackHat/Documents/FPGAS/Archivos VHDL/AudioSynthesis/DebouncePB.vhd" in Library work.
Architecture behavioral of Entity debouncepb is up to date.
Compiling vhdl file "C:/Users/BlackHat/Documents/FPGAS/Archivos VHDL/AudioSynthesis/DisplayController.vhd" in Library work.
Architecture behavioral of Entity displaycontroller is up to date.
Compiling vhdl file "C:/Users/BlackHat/Documents/FPGAS/Archivos VHDL/AudioSynthesis/AudioTop.vhd" in Library work.
Entity <audiotop> compiled.
Entity <audiotop> (Architecture <behavioral>) compiled.

=========================================================================
*                     Design Hierarchy Analysis                         *
=========================================================================
Analyzing hierarchy for entity <AudioTop> in library <work> (architecture <behavioral>).

Analyzing hierarchy for entity <Clk25MHz> in library <work> (architecture <behavioral>).

Analyzing hierarchy for entity <ps2Controller> in library <work> (architecture <behavioral>).

Analyzing hierarchy for entity <DebouncePB> in library <work> (architecture <behavioral>).

Analyzing hierarchy for entity <DisplayController> in library <work> (architecture <behavioral>).


=========================================================================
*                            HDL Analysis                               *
=========================================================================
Analyzing Entity <AudioTop> in library <work> (Architecture <behavioral>).
Entity <AudioTop> analyzed. Unit <AudioTop> generated.

Analyzing Entity <Clk25MHz> in library <work> (Architecture <behavioral>).
INFO:Xst:2679 - Register <clkout> in unit <Clk25MHz> has a constant value of 1 during circuit operation. The register is replaced by logic.
Entity <Clk25MHz> analyzed. Unit <Clk25MHz> generated.

Analyzing Entity <ps2Controller> in library <work> (Architecture <behavioral>).
Entity <ps2Controller> analyzed. Unit <ps2Controller> generated.

Analyzing Entity <DebouncePB> in library <work> (Architecture <behavioral>).
Entity <DebouncePB> analyzed. Unit <DebouncePB> generated.

Analyzing Entity <DisplayController> in library <work> (Architecture <behavioral>).
Entity <DisplayController> analyzed. Unit <DisplayController> generated.


=========================================================================
*                           HDL Synthesis                               *
=========================================================================

Performing bidirectional port resolution...

Synthesizing Unit <Clk25MHz>.
    Related source file is "C:/Users/BlackHat/Documents/FPGAS/Archivos VHDL/AudioSynthesis/Clk25MHz.vhd".
    Found 2-bit up counter for signal <count>.
    Summary:
	inferred   1 Counter(s).
Unit <Clk25MHz> synthesized.


Synthesizing Unit <ps2Controller>.
    Related source file is "C:/Users/BlackHat/Documents/FPGAS/Archivos VHDL/AudioSynthesis/PS2Controller.vhd".
WARNING:Xst:646 - Signal <shift3<0>> is assigned but never used. This unconnected signal will be trimmed during the optimization process.
WARNING:Xst:646 - Signal <shift2<0>> is assigned but never used. This unconnected signal will be trimmed during the optimization process.
WARNING:Xst:646 - Signal <shift1<0>> is assigned but never used. This unconnected signal will be trimmed during the optimization process.
    Found finite state machine <FSM_0> for signal <state>.
    -----------------------------------------------------------------------
    | States             | 11                                             |
    | Transitions        | 22                                             |
    | Inputs             | 5                                              |
    | Outputs            | 14                                             |
    | Clock              | clk25                     (rising_edge)        |
    | Reset              | clr                       (positive)           |
    | Reset type         | asynchronous                                   |
    | Reset State        | start                                          |
    | Power Up State     | start                                          |
    | Encoding           | automatic                                      |
    | Implementation     | LUT                                            |
    -----------------------------------------------------------------------
    Found 4-bit register for signal <bit_count>.
    Found 4-bit adder for signal <bit_count$addsub0000>.
    Found 8-bit register for signal <keyval1s>.
    Found 8-bit register for signal <keyval2s>.
    Found 8-bit register for signal <keyval3s>.
    Found 8-bit register for signal <ps2c_filter>.
    Found 1-bit register for signal <PS2Cf>.
    Found 8-bit register for signal <ps2d_filter>.
    Found 1-bit register for signal <PS2Df>.
    Found 11-bit register for signal <shift1>.
    Found 4-bit comparator greatequal for signal <shift1$cmp_ge0000> created at line 73.
    Found 11-bit register for signal <shift2>.
    Found 11-bit register for signal <shift3>.
    Found 4-bit comparator less for signal <state$cmp_lt0000> created at line 73.
    Summary:
	inferred   1 Finite State Machine(s).
	inferred  79 D-type flip-flop(s).
	inferred   1 Adder/Subtractor(s).
	inferred   2 Comparator(s).
Unit <ps2Controller> synthesized.


Synthesizing Unit <DebouncePB>.
    Related source file is "C:/Users/BlackHat/Documents/FPGAS/Archivos VHDL/AudioSynthesis/DebouncePB.vhd".
    Found 1-bit register for signal <cclk>.
    Found 26-bit up counter for signal <clkcnt>.
    Found 27-bit comparator lessequal for signal <clkcnt$cmp_le0000> created at line 28.
    Found 4-bit register for signal <delay1>.
    Found 4-bit register for signal <delay2>.
    Found 4-bit register for signal <delay3>.
    Summary:
	inferred   1 Counter(s).
	inferred  13 D-type flip-flop(s).
	inferred   1 Comparator(s).
Unit <DebouncePB> synthesized.


Synthesizing Unit <DisplayController>.
    Related source file is "C:/Users/BlackHat/Documents/FPGAS/Archivos VHDL/AudioSynthesis/DisplayController.vhd".
WARNING:Xst:646 - Signal <aen> is assigned but never used. This unconnected signal will be trimmed during the optimization process.
    Found 16x7-bit ROM for signal <segmentos>.
    Found 19-bit up counter for signal <clkdiv>.
    Found 4-bit 4-to-1 multiplexer for signal <digito>.
    Summary:
	inferred   1 ROM(s).
	inferred   1 Counter(s).
	inferred   4 Multiplexer(s).
Unit <DisplayController> synthesized.


Synthesizing Unit <AudioTop>.
    Related source file is "C:/Users/BlackHat/Documents/FPGAS/Archivos VHDL/AudioSynthesis/AudioTop.vhd".
WARNING:Xst:646 - Signal <pushbutton> is assigned but never used. This unconnected signal will be trimmed during the optimization process.
Unit <AudioTop> synthesized.

INFO:Xst:1767 - HDL ADVISOR - Resource sharing has identified that some arithmetic operations in this design can share the same physical resources for reduced device utilization. For improved clock frequency you may try to disable resource sharing.

=========================================================================
HDL Synthesis Report

Macro Statistics
# ROMs                                                 : 1
 16x7-bit ROM                                          : 1
# Adders/Subtractors                                   : 1
 4-bit adder                                           : 1
# Counters                                             : 3
 19-bit up counter                                     : 1
 2-bit up counter                                      : 1
 26-bit up counter                                     : 1
# Registers                                            : 29
 1-bit register                                        : 19
 11-bit register                                       : 3
 4-bit register                                        : 4
 8-bit register                                        : 3
# Comparators                                          : 3
 27-bit comparator lessequal                           : 1
 4-bit comparator greatequal                           : 1
 4-bit comparator less                                 : 1
# Multiplexers                                         : 1
 4-bit 4-to-1 multiplexer                              : 1

=========================================================================

=========================================================================
*                       Advanced HDL Synthesis                          *
=========================================================================

Analyzing FSM <FSM_0> for best encoding.
Optimizing FSM <KeyBrd/state/FSM> on signal <state[1:11]> with one-hot encoding.
-------------------------
 State    | Encoding
-------------------------
 start    | 00000000001
 wtclklo1 | 00000000010
 wtclkhi1 | 00000000100
 getkey1  | 00000001000
 wtclklo2 | 00000010000
 wtclkhi2 | 00000100000
 getkey2  | 00001000000
 breakey  | 00010000000
 wtclklo3 | 00100000000
 wtclkhi3 | 01000000000
 getkey3  | 10000000000
-------------------------
WARNING:Xst:1290 - Hierarchical block <btns> is unconnected in block <AudioTop>.
   It will be removed from the design.
WARNING:Xst:1710 - FF/Latch <PS2Df> (without init value) has a constant value of 1 in block <KeyBrd>. This FF/Latch will be trimmed during the optimization process.
WARNING:Xst:1710 - FF/Latch <PS2Cf> (without init value) has a constant value of 1 in block <KeyBrd>. This FF/Latch will be trimmed during the optimization process.
WARNING:Xst:1710 - FF/Latch <bit_count_3> (without init value) has a constant value of 0 in block <KeyBrd>. This FF/Latch will be trimmed during the optimization process.
WARNING:Xst:1710 - FF/Latch <bit_count_2> (without init value) has a constant value of 0 in block <KeyBrd>. This FF/Latch will be trimmed during the optimization process.
WARNING:Xst:1710 - FF/Latch <bit_count_1> (without init value) has a constant value of 0 in block <KeyBrd>. This FF/Latch will be trimmed during the optimization process.
WARNING:Xst:1710 - FF/Latch <bit_count_0> (without init value) has a constant value of 0 in block <KeyBrd>. This FF/Latch will be trimmed during the optimization process.
WARNING:Xst:1710 - FF/Latch <ps2d_filter_7> (without init value) has a constant value of 0 in block <KeyBrd>. This FF/Latch will be trimmed during the optimization process.
WARNING:Xst:1710 - FF/Latch <ps2c_filter_7> (without init value) has a constant value of 0 in block <KeyBrd>. This FF/Latch will be trimmed during the optimization process.
WARNING:Xst:1293 - FF/Latch <FFd4> has a constant value of 0 in block <FSM>. This FF/Latch will be trimmed during the optimization process.
WARNING:Xst:1293 - FF/Latch <FFd3> has a constant value of 0 in block <FSM>. This FF/Latch will be trimmed during the optimization process.
WARNING:Xst:1293 - FF/Latch <FFd1> has a constant value of 0 in block <FSM>. This FF/Latch will be trimmed during the optimization process.
WARNING:Xst:1293 - FF/Latch <FFd2> has a constant value of 0 in block <FSM>. This FF/Latch will be trimmed during the optimization process.
WARNING:Xst:1293 - FF/Latch <FFd6> has a constant value of 0 in block <FSM>. This FF/Latch will be trimmed during the optimization process.
WARNING:Xst:1293 - FF/Latch <FFd5> has a constant value of 0 in block <FSM>. This FF/Latch will be trimmed during the optimization process.
WARNING:Xst:1293 - FF/Latch <FFd9> has a constant value of 0 in block <FSM>. This FF/Latch will be trimmed during the optimization process.
WARNING:Xst:1293 - FF/Latch <FFd7> has a constant value of 0 in block <FSM>. This FF/Latch will be trimmed during the optimization process.
WARNING:Xst:1293 - FF/Latch <FFd8> has a constant value of 0 in block <FSM>. This FF/Latch will be trimmed during the optimization process.
WARNING:Xst:1293 - FF/Latch <FFd10> has a constant value of 0 in block <FSM>. This FF/Latch will be trimmed during the optimization process.
WARNING:Xst:1293 - FF/Latch <FFd11> has a constant value of 1 in block <FSM>. This FF/Latch will be trimmed during the optimization process.
WARNING:Xst:1895 - Due to other FF/Latch trimming, FF/Latch <ps2c_filter_6> (without init value) has a constant value of 0 in block <KeyBrd>. This FF/Latch will be trimmed during the optimization process.
WARNING:Xst:1895 - Due to other FF/Latch trimming, FF/Latch <ps2d_filter_6> (without init value) has a constant value of 0 in block <KeyBrd>. This FF/Latch will be trimmed during the optimization process.
WARNING:Xst:1895 - Due to other FF/Latch trimming, FF/Latch <shift3_10> (without init value) has a constant value of 0 in block <KeyBrd>. This FF/Latch will be trimmed during the optimization process.
WARNING:Xst:1895 - Due to other FF/Latch trimming, FF/Latch <shift2_10> (without init value) has a constant value of 0 in block <KeyBrd>. This FF/Latch will be trimmed during the optimization process.
WARNING:Xst:1895 - Due to other FF/Latch trimming, FF/Latch <shift1_10> (without init value) has a constant value of 0 in block <KeyBrd>. This FF/Latch will be trimmed during the optimization process.
WARNING:Xst:1895 - Due to other FF/Latch trimming, FF/Latch <shift3_9> (without init value) has a constant value of 0 in block <KeyBrd>. This FF/Latch will be trimmed during the optimization process.
WARNING:Xst:1895 - Due to other FF/Latch trimming, FF/Latch <shift1_9> (without init value) has a constant value of 0 in block <KeyBrd>. This FF/Latch will be trimmed during the optimization process.
WARNING:Xst:1895 - Due to other FF/Latch trimming, FF/Latch <ps2c_filter_5> (without init value) has a constant value of 0 in block <KeyBrd>. This FF/Latch will be trimmed during the optimization process.
WARNING:Xst:1895 - Due to other FF/Latch trimming, FF/Latch <ps2d_filter_5> (without init value) has a constant value of 0 in block <KeyBrd>. This FF/Latch will be trimmed during the optimization process.
WARNING:Xst:1895 - Due to other FF/Latch trimming, FF/Latch <shift2_9> (without init value) has a constant value of 0 in block <KeyBrd>. This FF/Latch will be trimmed during the optimization process.
WARNING:Xst:1895 - Due to other FF/Latch trimming, FF/Latch <shift2_8> (without init value) has a constant value of 0 in block <KeyBrd>. This FF/Latch will be trimmed during the optimization process.
WARNING:Xst:1895 - Due to other FF/Latch trimming, FF/Latch <shift3_8> (without init value) has a constant value of 0 in block <KeyBrd>. This FF/Latch will be trimmed during the optimization process.
WARNING:Xst:1895 - Due to other FF/Latch trimming, FF/Latch <ps2c_filter_4> (without init value) has a constant value of 0 in block <KeyBrd>. This FF/Latch will be trimmed during the optimization process.
WARNING:Xst:1895 - Due to other FF/Latch trimming, FF/Latch <ps2d_filter_4> (without init value) has a constant value of 0 in block <KeyBrd>. This FF/Latch will be trimmed during the optimization process.
WARNING:Xst:1895 - Due to other FF/Latch trimming, FF/Latch <shift1_8> (without init value) has a constant value of 0 in block <KeyBrd>. This FF/Latch will be trimmed during the optimization process.
WARNING:Xst:1895 - Due to other FF/Latch trimming, FF/Latch <ps2c_filter_3> (without init value) has a constant value of 0 in block <KeyBrd>. This FF/Latch will be trimmed during the optimization process.
WARNING:Xst:1895 - Due to other FF/Latch trimming, FF/Latch <ps2d_filter_3> (without init value) has a constant value of 0 in block <KeyBrd>. This FF/Latch will be trimmed during the optimization process.
WARNING:Xst:1895 - Due to other FF/Latch trimming, FF/Latch <shift3_7> (without init value) has a constant value of 0 in block <KeyBrd>. This FF/Latch will be trimmed during the optimization process.
WARNING:Xst:1895 - Due to other FF/Latch trimming, FF/Latch <shift2_7> (without init value) has a constant value of 0 in block <KeyBrd>. This FF/Latch will be trimmed during the optimization process.
WARNING:Xst:1895 - Due to other FF/Latch trimming, FF/Latch <shift1_7> (without init value) has a constant value of 0 in block <KeyBrd>. This FF/Latch will be trimmed during the optimization process.
WARNING:Xst:1895 - Due to other FF/Latch trimming, FF/Latch <keyval2s_7> (without init value) has a constant value of 0 in block <KeyBrd>. This FF/Latch will be trimmed during the optimization process.
WARNING:Xst:1895 - Due to other FF/Latch trimming, FF/Latch <keyval3s_7> (without init value) has a constant value of 0 in block <KeyBrd>. This FF/Latch will be trimmed during the optimization process.
WARNING:Xst:1895 - Due to other FF/Latch trimming, FF/Latch <keyval1s_7> (without init value) has a constant value of 0 in block <KeyBrd>. This FF/Latch will be trimmed during the optimization process.
WARNING:Xst:1895 - Due to other FF/Latch trimming, FF/Latch <shift3_6> (without init value) has a constant value of 0 in block <KeyBrd>. This FF/Latch will be trimmed during the optimization process.
WARNING:Xst:1895 - Due to other FF/Latch trimming, FF/Latch <keyval2s_6> (without init value) has a constant value of 0 in block <KeyBrd>. This FF/Latch will be trimmed during the optimization process.
WARNING:Xst:1895 - Due to other FF/Latch trimming, FF/Latch <keyval1s_6> (without init value) has a constant value of 0 in block <KeyBrd>. This FF/Latch will be trimmed during the optimization process.
WARNING:Xst:1895 - Due to other FF/Latch trimming, FF/Latch <keyval3s_6> (without init value) has a constant value of 0 in block <KeyBrd>. This FF/Latch will be trimmed during the optimization process.
WARNING:Xst:1895 - Due to other FF/Latch trimming, FF/Latch <shift2_6> (without init value) has a constant value of 0 in block <KeyBrd>. This FF/Latch will be trimmed during the optimization process.
WARNING:Xst:1895 - Due to other FF/Latch trimming, FF/Latch <ps2d_filter_2> (without init value) has a constant value of 0 in block <KeyBrd>. This FF/Latch will be trimmed during the optimization process.
WARNING:Xst:1895 - Due to other FF/Latch trimming, FF/Latch <ps2c_filter_2> (without init value) has a constant value of 0 in block <KeyBrd>. This FF/Latch will be trimmed during the optimization process.
WARNING:Xst:1895 - Due to other FF/Latch trimming, FF/Latch <shift1_6> (without init value) has a constant value of 0 in block <KeyBrd>. This FF/Latch will be trimmed during the optimization process.
WARNING:Xst:1895 - Due to other FF/Latch trimming, FF/Latch <keyval1s_5> (without init value) has a constant value of 0 in block <KeyBrd>. This FF/Latch will be trimmed during the optimization process.
WARNING:Xst:1895 - Due to other FF/Latch trimming, FF/Latch <keyval2s_5> (without init value) has a constant value of 0 in block <KeyBrd>. This FF/Latch will be trimmed during the optimization process.
WARNING:Xst:1895 - Due to other FF/Latch trimming, FF/Latch <ps2d_filter_1> (without init value) has a constant value of 0 in block <KeyBrd>. This FF/Latch will be trimmed during the optimization process.
WARNING:Xst:1895 - Due to other FF/Latch trimming, FF/Latch <ps2c_filter_1> (without init value) has a constant value of 0 in block <KeyBrd>. This FF/Latch will be trimmed during the optimization process.
WARNING:Xst:1895 - Due to other FF/Latch trimming, FF/Latch <keyval3s_5> (without init value) has a constant value of 0 in block <KeyBrd>. This FF/Latch will be trimmed during the optimization process.
WARNING:Xst:1895 - Due to other FF/Latch trimming, FF/Latch <shift1_5> (without init value) has a constant value of 0 in block <KeyBrd>. This FF/Latch will be trimmed during the optimization process.
WARNING:Xst:1895 - Due to other FF/Latch trimming, FF/Latch <shift2_5> (without init value) has a constant value of 0 in block <KeyBrd>. This FF/Latch will be trimmed during the optimization process.
WARNING:Xst:1895 - Due to other FF/Latch trimming, FF/Latch <shift3_5> (without init value) has a constant value of 0 in block <KeyBrd>. This FF/Latch will be trimmed during the optimization process.
WARNING:Xst:1895 - Due to other FF/Latch trimming, FF/Latch <keyval3s_4> (without init value) has a constant value of 0 in block <KeyBrd>. This FF/Latch will be trimmed during the optimization process.
WARNING:Xst:1895 - Due to other FF/Latch trimming, FF/Latch <ps2c_filter_0> (without init value) has a constant value of 0 in block <KeyBrd>. This FF/Latch will be trimmed during the optimization process.
WARNING:Xst:1895 - Due to other FF/Latch trimming, FF/Latch <ps2d_filter_0> (without init value) has a constant value of 0 in block <KeyBrd>. This FF/Latch will be trimmed during the optimization process.
WARNING:Xst:1895 - Due to other FF/Latch trimming, FF/Latch <keyval2s_4> (without init value) has a constant value of 0 in block <KeyBrd>. This FF/Latch will be trimmed during the optimization process.
WARNING:Xst:1895 - Due to other FF/Latch trimming, FF/Latch <shift2_4> (without init value) has a constant value of 0 in block <KeyBrd>. This FF/Latch will be trimmed during the optimization process.
WARNING:Xst:1895 - Due to other FF/Latch trimming, FF/Latch <keyval1s_4> (without init value) has a constant value of 0 in block <KeyBrd>. This FF/Latch will be trimmed during the optimization process.
WARNING:Xst:1895 - Due to other FF/Latch trimming, FF/Latch <shift1_4> (without init value) has a constant value of 0 in block <KeyBrd>. This FF/Latch will be trimmed during the optimization process.
WARNING:Xst:1895 - Due to other FF/Latch trimming, FF/Latch <shift3_4> (without init value) has a constant value of 0 in block <KeyBrd>. This FF/Latch will be trimmed during the optimization process.
WARNING:Xst:1895 - Due to other FF/Latch trimming, FF/Latch <shift2_3> (without init value) has a constant value of 0 in block <KeyBrd>. This FF/Latch will be trimmed during the optimization process.
WARNING:Xst:1895 - Due to other FF/Latch trimming, FF/Latch <keyval2s_3> (without init value) has a constant value of 0 in block <KeyBrd>. This FF/Latch will be trimmed during the optimization process.
WARNING:Xst:1895 - Due to other FF/Latch trimming, FF/Latch <keyval1s_3> (without init value) has a constant value of 0 in block <KeyBrd>. This FF/Latch will be trimmed during the optimization process.
WARNING:Xst:1895 - Due to other FF/Latch trimming, FF/Latch <shift3_3> (without init value) has a constant value of 0 in block <KeyBrd>. This FF/Latch will be trimmed during the optimization process.
WARNING:Xst:1895 - Due to other FF/Latch trimming, FF/Latch <shift1_3> (without init value) has a constant value of 0 in block <KeyBrd>. This FF/Latch will be trimmed during the optimization process.
WARNING:Xst:1895 - Due to other FF/Latch trimming, FF/Latch <keyval3s_3> (without init value) has a constant value of 0 in block <KeyBrd>. This FF/Latch will be trimmed during the optimization process.
WARNING:Xst:1895 - Due to other FF/Latch trimming, FF/Latch <shift3_2> (without init value) has a constant value of 0 in block <KeyBrd>. This FF/Latch will be trimmed during the optimization process.
WARNING:Xst:1895 - Due to other FF/Latch trimming, FF/Latch <shift2_2> (without init value) has a constant value of 0 in block <KeyBrd>. This FF/Latch will be trimmed during the optimization process.
WARNING:Xst:1895 - Due to other FF/Latch trimming, FF/Latch <keyval3s_2> (without init value) has a constant value of 0 in block <KeyBrd>. This FF/Latch will be trimmed during the optimization process.
WARNING:Xst:1895 - Due to other FF/Latch trimming, FF/Latch <keyval1s_2> (without init value) has a constant value of 0 in block <KeyBrd>. This FF/Latch will be trimmed during the optimization process.
WARNING:Xst:1895 - Due to other FF/Latch trimming, FF/Latch <shift1_2> (without init value) has a constant value of 0 in block <KeyBrd>. This FF/Latch will be trimmed during the optimization process.
WARNING:Xst:1895 - Due to other FF/Latch trimming, FF/Latch <keyval2s_2> (without init value) has a constant value of 0 in block <KeyBrd>. This FF/Latch will be trimmed during the optimization process.
WARNING:Xst:1895 - Due to other FF/Latch trimming, FF/Latch <shift2_1> (without init value) has a constant value of 0 in block <KeyBrd>. This FF/Latch will be trimmed during the optimization process.
WARNING:Xst:1895 - Due to other FF/Latch trimming, FF/Latch <shift1_1> (without init value) has a constant value of 0 in block <KeyBrd>. This FF/Latch will be trimmed during the optimization process.
WARNING:Xst:1895 - Due to other FF/Latch trimming, FF/Latch <shift3_1> (without init value) has a constant value of 0 in block <KeyBrd>. This FF/Latch will be trimmed during the optimization process.
WARNING:Xst:1895 - Due to other FF/Latch trimming, FF/Latch <keyval1s_1> (without init value) has a constant value of 0 in block <KeyBrd>. This FF/Latch will be trimmed during the optimization process.
WARNING:Xst:1895 - Due to other FF/Latch trimming, FF/Latch <keyval3s_1> (without init value) has a constant value of 0 in block <KeyBrd>. This FF/Latch will be trimmed during the optimization process.
WARNING:Xst:1895 - Due to other FF/Latch trimming, FF/Latch <keyval2s_1> (without init value) has a constant value of 0 in block <KeyBrd>. This FF/Latch will be trimmed during the optimization process.
WARNING:Xst:1895 - Due to other FF/Latch trimming, FF/Latch <keyval1s_0> (without init value) has a constant value of 0 in block <KeyBrd>. This FF/Latch will be trimmed during the optimization process.
WARNING:Xst:1895 - Due to other FF/Latch trimming, FF/Latch <keyval3s_0> (without init value) has a constant value of 0 in block <KeyBrd>. This FF/Latch will be trimmed during the optimization process.
WARNING:Xst:1895 - Due to other FF/Latch trimming, FF/Latch <keyval2s_0> (without init value) has a constant value of 0 in block <KeyBrd>. This FF/Latch will be trimmed during the optimization process.
WARNING:Xst:2677 - Node <shift1_0> of sequential type is unconnected in block <KeyBrd>.
WARNING:Xst:2677 - Node <shift2_0> of sequential type is unconnected in block <KeyBrd>.
WARNING:Xst:2677 - Node <shift3_0> of sequential type is unconnected in block <KeyBrd>.
WARNING:Xst:1290 - Hierarchical block <ClkDivBy2> is unconnected in block <AudioTop>.
   It will be removed from the design.
WARNING:Xst:2677 - Node <shift1_0> of sequential type is unconnected in block <ps2Controller>.
WARNING:Xst:2677 - Node <shift2_0> of sequential type is unconnected in block <ps2Controller>.
WARNING:Xst:2677 - Node <shift3_0> of sequential type is unconnected in block <ps2Controller>.

=========================================================================
Advanced HDL Synthesis Report

Macro Statistics
# FSMs                                                 : 1
# ROMs                                                 : 1
 16x7-bit ROM                                          : 1
# Adders/Subtractors                                   : 1
 4-bit adder                                           : 1
# Counters                                             : 2
 19-bit up counter                                     : 1
 26-bit up counter                                     : 1
# Registers                                            : 89
 Flip-Flops                                            : 89
# Comparators                                          : 3
 27-bit comparator lessequal                           : 1
 4-bit comparator greatequal                           : 1
 4-bit comparator less                                 : 1
# Multiplexers                                         : 1
 4-bit 4-to-1 multiplexer                              : 1

=========================================================================

=========================================================================
*                         Low Level Synthesis                           *
=========================================================================
WARNING:Xst:1710 - FF/Latch <ps2c_filter_7> (without init value) has a constant value of 0 in block <ps2Controller>. This FF/Latch will be trimmed during the optimization process.
WARNING:Xst:1895 - Due to other FF/Latch trimming, FF/Latch <ps2d_filter_7> (without init value) has a constant value of 0 in block <ps2Controller>. This FF/Latch will be trimmed during the optimization process.
WARNING:Xst:1895 - Due to other FF/Latch trimming, FF/Latch <bit_count_0> (without init value) has a constant value of 0 in block <ps2Controller>. This FF/Latch will be trimmed during the optimization process.
WARNING:Xst:1895 - Due to other FF/Latch trimming, FF/Latch <bit_count_1> (without init value) has a constant value of 0 in block <ps2Controller>. This FF/Latch will be trimmed during the optimization process.
WARNING:Xst:1895 - Due to other FF/Latch trimming, FF/Latch <bit_count_2> (without init value) has a constant value of 0 in block <ps2Controller>. This FF/Latch will be trimmed during the optimization process.
WARNING:Xst:1895 - Due to other FF/Latch trimming, FF/Latch <bit_count_3> (without init value) has a constant value of 0 in block <ps2Controller>. This FF/Latch will be trimmed during the optimization process.
WARNING:Xst:1895 - Due to other FF/Latch trimming, FF/Latch <PS2Cf> (without init value) has a constant value of 1 in block <ps2Controller>. This FF/Latch will be trimmed during the optimization process.
WARNING:Xst:1895 - Due to other FF/Latch trimming, FF/Latch <PS2Df> (without init value) has a constant value of 1 in block <ps2Controller>. This FF/Latch will be trimmed during the optimization process.
WARNING:Xst:1895 - Due to other FF/Latch trimming, FF/Latch <shift1_10> (without init value) has a constant value of 0 in block <ps2Controller>. This FF/Latch will be trimmed during the optimization process.
WARNING:Xst:1895 - Due to other FF/Latch trimming, FF/Latch <shift2_10> (without init value) has a constant value of 0 in block <ps2Controller>. This FF/Latch will be trimmed during the optimization process.
WARNING:Xst:1895 - Due to other FF/Latch trimming, FF/Latch <shift3_10> (without init value) has a constant value of 0 in block <ps2Controller>. This FF/Latch will be trimmed during the optimization process.
WARNING:Xst:1895 - Due to other FF/Latch trimming, FF/Latch <ps2d_filter_6> (without init value) has a constant value of 0 in block <ps2Controller>. This FF/Latch will be trimmed during the optimization process.
WARNING:Xst:1895 - Due to other FF/Latch trimming, FF/Latch <ps2c_filter_6> (without init value) has a constant value of 0 in block <ps2Controller>. This FF/Latch will be trimmed during the optimization process.
WARNING:Xst:1895 - Due to other FF/Latch trimming, FF/Latch <ps2c_filter_5> (without init value) has a constant value of 0 in block <ps2Controller>. This FF/Latch will be trimmed during the optimization process.
WARNING:Xst:1895 - Due to other FF/Latch trimming, FF/Latch <ps2d_filter_5> (without init value) has a constant value of 0 in block <ps2Controller>. This FF/Latch will be trimmed during the optimization process.
WARNING:Xst:1895 - Due to other FF/Latch trimming, FF/Latch <shift3_9> (without init value) has a constant value of 0 in block <ps2Controller>. This FF/Latch will be trimmed during the optimization process.
WARNING:Xst:1895 - Due to other FF/Latch trimming, FF/Latch <shift2_9> (without init value) has a constant value of 0 in block <ps2Controller>. This FF/Latch will be trimmed during the optimization process.
WARNING:Xst:1895 - Due to other FF/Latch trimming, FF/Latch <shift1_9> (without init value) has a constant value of 0 in block <ps2Controller>. This FF/Latch will be trimmed during the optimization process.
WARNING:Xst:1895 - Due to other FF/Latch trimming, FF/Latch <shift1_8> (without init value) has a constant value of 0 in block <ps2Controller>. This FF/Latch will be trimmed during the optimization process.
WARNING:Xst:1895 - Due to other FF/Latch trimming, FF/Latch <ps2d_filter_4> (without init value) has a constant value of 0 in block <ps2Controller>. This FF/Latch will be trimmed during the optimization process.
WARNING:Xst:1895 - Due to other FF/Latch trimming, FF/Latch <ps2c_filter_4> (without init value) has a constant value of 0 in block <ps2Controller>. This FF/Latch will be trimmed during the optimization process.
WARNING:Xst:1895 - Due to other FF/Latch trimming, FF/Latch <shift3_8> (without init value) has a constant value of 0 in block <ps2Controller>. This FF/Latch will be trimmed during the optimization process.
WARNING:Xst:1895 - Due to other FF/Latch trimming, FF/Latch <shift2_8> (without init value) has a constant value of 0 in block <ps2Controller>. This FF/Latch will be trimmed during the optimization process.
WARNING:Xst:1895 - Due to other FF/Latch trimming, FF/Latch <keyval1s_7> (without init value) has a constant value of 0 in block <ps2Controller>. This FF/Latch will be trimmed during the optimization process.
WARNING:Xst:1895 - Due to other FF/Latch trimming, FF/Latch <keyval2s_7> (without init value) has a constant value of 0 in block <ps2Controller>. This FF/Latch will be trimmed during the optimization process.
WARNING:Xst:1895 - Due to other FF/Latch trimming, FF/Latch <keyval3s_7> (without init value) has a constant value of 0 in block <ps2Controller>. This FF/Latch will be trimmed during the optimization process.
WARNING:Xst:1895 - Due to other FF/Latch trimming, FF/Latch <shift3_7> (without init value) has a constant value of 0 in block <ps2Controller>. This FF/Latch will be trimmed during the optimization process.
WARNING:Xst:1895 - Due to other FF/Latch trimming, FF/Latch <ps2d_filter_3> (without init value) has a constant value of 0 in block <ps2Controller>. This FF/Latch will be trimmed during the optimization process.
WARNING:Xst:1895 - Due to other FF/Latch trimming, FF/Latch <ps2c_filter_3> (without init value) has a constant value of 0 in block <ps2Controller>. This FF/Latch will be trimmed during the optimization process.
WARNING:Xst:1895 - Due to other FF/Latch trimming, FF/Latch <shift1_7> (without init value) has a constant value of 0 in block <ps2Controller>. This FF/Latch will be trimmed during the optimization process.
WARNING:Xst:1895 - Due to other FF/Latch trimming, FF/Latch <shift2_7> (without init value) has a constant value of 0 in block <ps2Controller>. This FF/Latch will be trimmed during the optimization process.
WARNING:Xst:1895 - Due to other FF/Latch trimming, FF/Latch <keyval1s_6> (without init value) has a constant value of 0 in block <ps2Controller>. This FF/Latch will be trimmed during the optimization process.
WARNING:Xst:1895 - Due to other FF/Latch trimming, FF/Latch <keyval2s_6> (without init value) has a constant value of 0 in block <ps2Controller>. This FF/Latch will be trimmed during the optimization process.
WARNING:Xst:1895 - Due to other FF/Latch trimming, FF/Latch <keyval3s_6> (without init value) has a constant value of 0 in block <ps2Controller>. This FF/Latch will be trimmed during the optimization process.
WARNING:Xst:1895 - Due to other FF/Latch trimming, FF/Latch <shift2_6> (without init value) has a constant value of 0 in block <ps2Controller>. This FF/Latch will be trimmed during the optimization process.
WARNING:Xst:1895 - Due to other FF/Latch trimming, FF/Latch <shift3_6> (without init value) has a constant value of 0 in block <ps2Controller>. This FF/Latch will be trimmed during the optimization process.
WARNING:Xst:1895 - Due to other FF/Latch trimming, FF/Latch <shift1_6> (without init value) has a constant value of 0 in block <ps2Controller>. This FF/Latch will be trimmed during the optimization process.
WARNING:Xst:1895 - Due to other FF/Latch trimming, FF/Latch <ps2d_filter_2> (without init value) has a constant value of 0 in block <ps2Controller>. This FF/Latch will be trimmed during the optimization process.
WARNING:Xst:1895 - Due to other FF/Latch trimming, FF/Latch <ps2c_filter_2> (without init value) has a constant value of 0 in block <ps2Controller>. This FF/Latch will be trimmed during the optimization process.
WARNING:Xst:1895 - Due to other FF/Latch trimming, FF/Latch <shift3_5> (without init value) has a constant value of 0 in block <ps2Controller>. This FF/Latch will be trimmed during the optimization process.
WARNING:Xst:1895 - Due to other FF/Latch trimming, FF/Latch <shift2_5> (without init value) has a constant value of 0 in block <ps2Controller>. This FF/Latch will be trimmed during the optimization process.
WARNING:Xst:1895 - Due to other FF/Latch trimming, FF/Latch <ps2c_filter_1> (without init value) has a constant value of 0 in block <ps2Controller>. This FF/Latch will be trimmed during the optimization process.
WARNING:Xst:1895 - Due to other FF/Latch trimming, FF/Latch <ps2d_filter_1> (without init value) has a constant value of 0 in block <ps2Controller>. This FF/Latch will be trimmed during the optimization process.
WARNING:Xst:1895 - Due to other FF/Latch trimming, FF/Latch <keyval3s_5> (without init value) has a constant value of 0 in block <ps2Controller>. This FF/Latch will be trimmed during the optimization process.
WARNING:Xst:1895 - Due to other FF/Latch trimming, FF/Latch <keyval2s_5> (without init value) has a constant value of 0 in block <ps2Controller>. This FF/Latch will be trimmed during the optimization process.
WARNING:Xst:1895 - Due to other FF/Latch trimming, FF/Latch <keyval1s_5> (without init value) has a constant value of 0 in block <ps2Controller>. This FF/Latch will be trimmed during the optimization process.
WARNING:Xst:1895 - Due to other FF/Latch trimming, FF/Latch <shift1_5> (without init value) has a constant value of 0 in block <ps2Controller>. This FF/Latch will be trimmed during the optimization process.
WARNING:Xst:1895 - Due to other FF/Latch trimming, FF/Latch <ps2c_filter_0> (without init value) has a constant value of 0 in block <ps2Controller>. This FF/Latch will be trimmed during the optimization process.
WARNING:Xst:1895 - Due to other FF/Latch trimming, FF/Latch <keyval3s_4> (without init value) has a constant value of 0 in block <ps2Controller>. This FF/Latch will be trimmed during the optimization process.
WARNING:Xst:1895 - Due to other FF/Latch trimming, FF/Latch <ps2d_filter_0> (without init value) has a constant value of 0 in block <ps2Controller>. This FF/Latch will be trimmed during the optimization process.
WARNING:Xst:1895 - Due to other FF/Latch trimming, FF/Latch <keyval2s_4> (without init value) has a constant value of 0 in block <ps2Controller>. This FF/Latch will be trimmed during the optimization process.
WARNING:Xst:1895 - Due to other FF/Latch trimming, FF/Latch <shift2_4> (without init value) has a constant value of 0 in block <ps2Controller>. This FF/Latch will be trimmed during the optimization process.
WARNING:Xst:1895 - Due to other FF/Latch trimming, FF/Latch <shift3_4> (without init value) has a constant value of 0 in block <ps2Controller>. This FF/Latch will be trimmed during the optimization process.
WARNING:Xst:1895 - Due to other FF/Latch trimming, FF/Latch <shift1_4> (without init value) has a constant value of 0 in block <ps2Controller>. This FF/Latch will be trimmed during the optimization process.
WARNING:Xst:1895 - Due to other FF/Latch trimming, FF/Latch <keyval1s_4> (without init value) has a constant value of 0 in block <ps2Controller>. This FF/Latch will be trimmed during the optimization process.
WARNING:Xst:1895 - Due to other FF/Latch trimming, FF/Latch <shift3_3> (without init value) has a constant value of 0 in block <ps2Controller>. This FF/Latch will be trimmed during the optimization process.
WARNING:Xst:1895 - Due to other FF/Latch trimming, FF/Latch <shift1_3> (without init value) has a constant value of 0 in block <ps2Controller>. This FF/Latch will be trimmed during the optimization process.
WARNING:Xst:1895 - Due to other FF/Latch trimming, FF/Latch <shift2_3> (without init value) has a constant value of 0 in block <ps2Controller>. This FF/Latch will be trimmed during the optimization process.
WARNING:Xst:1895 - Due to other FF/Latch trimming, FF/Latch <keyval3s_3> (without init value) has a constant value of 0 in block <ps2Controller>. This FF/Latch will be trimmed during the optimization process.
WARNING:Xst:1895 - Due to other FF/Latch trimming, FF/Latch <keyval1s_3> (without init value) has a constant value of 0 in block <ps2Controller>. This FF/Latch will be trimmed during the optimization process.
WARNING:Xst:1895 - Due to other FF/Latch trimming, FF/Latch <keyval2s_3> (without init value) has a constant value of 0 in block <ps2Controller>. This FF/Latch will be trimmed during the optimization process.
WARNING:Xst:1895 - Due to other FF/Latch trimming, FF/Latch <shift2_2> (without init value) has a constant value of 0 in block <ps2Controller>. This FF/Latch will be trimmed during the optimization process.
WARNING:Xst:1895 - Due to other FF/Latch trimming, FF/Latch <keyval3s_2> (without init value) has a constant value of 0 in block <ps2Controller>. This FF/Latch will be trimmed during the optimization process.
WARNING:Xst:1895 - Due to other FF/Latch trimming, FF/Latch <keyval1s_2> (without init value) has a constant value of 0 in block <ps2Controller>. This FF/Latch will be trimmed during the optimization process.
WARNING:Xst:1895 - Due to other FF/Latch trimming, FF/Latch <shift1_2> (without init value) has a constant value of 0 in block <ps2Controller>. This FF/Latch will be trimmed during the optimization process.
WARNING:Xst:1895 - Due to other FF/Latch trimming, FF/Latch <keyval2s_2> (without init value) has a constant value of 0 in block <ps2Controller>. This FF/Latch will be trimmed during the optimization process.
WARNING:Xst:1895 - Due to other FF/Latch trimming, FF/Latch <shift3_2> (without init value) has a constant value of 0 in block <ps2Controller>. This FF/Latch will be trimmed during the optimization process.
WARNING:Xst:1895 - Due to other FF/Latch trimming, FF/Latch <keyval3s_1> (without init value) has a constant value of 0 in block <ps2Controller>. This FF/Latch will be trimmed during the optimization process.
WARNING:Xst:1895 - Due to other FF/Latch trimming, FF/Latch <keyval1s_1> (without init value) has a constant value of 0 in block <ps2Controller>. This FF/Latch will be trimmed during the optimization process.
WARNING:Xst:1895 - Due to other FF/Latch trimming, FF/Latch <shift1_1> (without init value) has a constant value of 0 in block <ps2Controller>. This FF/Latch will be trimmed during the optimization process.
WARNING:Xst:1895 - Due to other FF/Latch trimming, FF/Latch <keyval2s_1> (without init value) has a constant value of 0 in block <ps2Controller>. This FF/Latch will be trimmed during the optimization process.
WARNING:Xst:1895 - Due to other FF/Latch trimming, FF/Latch <shift3_1> (without init value) has a constant value of 0 in block <ps2Controller>. This FF/Latch will be trimmed during the optimization process.
WARNING:Xst:1895 - Due to other FF/Latch trimming, FF/Latch <shift2_1> (without init value) has a constant value of 0 in block <ps2Controller>. This FF/Latch will be trimmed during the optimization process.
WARNING:Xst:1895 - Due to other FF/Latch trimming, FF/Latch <keyval1s_0> (without init value) has a constant value of 0 in block <ps2Controller>. This FF/Latch will be trimmed during the optimization process.
WARNING:Xst:1895 - Due to other FF/Latch trimming, FF/Latch <keyval3s_0> (without init value) has a constant value of 0 in block <ps2Controller>. This FF/Latch will be trimmed during the optimization process.
WARNING:Xst:1895 - Due to other FF/Latch trimming, FF/Latch <keyval2s_0> (without init value) has a constant value of 0 in block <ps2Controller>. This FF/Latch will be trimmed during the optimization process.

Optimizing unit <AudioTop> ...

Optimizing unit <DebouncePB> ...

Optimizing unit <DisplayController> ...
WARNING:Xst:2677 - Node <btns/clkcnt_25> of sequential type is unconnected in block <AudioTop>.
WARNING:Xst:2677 - Node <btns/clkcnt_24> of sequential type is unconnected in block <AudioTop>.
WARNING:Xst:2677 - Node <btns/clkcnt_23> of sequential type is unconnected in block <AudioTop>.
WARNING:Xst:2677 - Node <btns/clkcnt_22> of sequential type is unconnected in block <AudioTop>.
WARNING:Xst:2677 - Node <btns/clkcnt_21> of sequential type is unconnected in block <AudioTop>.
WARNING:Xst:2677 - Node <btns/clkcnt_20> of sequential type is unconnected in block <AudioTop>.
WARNING:Xst:2677 - Node <btns/clkcnt_19> of sequential type is unconnected in block <AudioTop>.
WARNING:Xst:2677 - Node <btns/clkcnt_18> of sequential type is unconnected in block <AudioTop>.
WARNING:Xst:2677 - Node <btns/clkcnt_17> of sequential type is unconnected in block <AudioTop>.
WARNING:Xst:2677 - Node <btns/clkcnt_16> of sequential type is unconnected in block <AudioTop>.
WARNING:Xst:2677 - Node <btns/clkcnt_15> of sequential type is unconnected in block <AudioTop>.
WARNING:Xst:2677 - Node <btns/clkcnt_14> of sequential type is unconnected in block <AudioTop>.
WARNING:Xst:2677 - Node <btns/clkcnt_13> of sequential type is unconnected in block <AudioTop>.
WARNING:Xst:2677 - Node <btns/clkcnt_12> of sequential type is unconnected in block <AudioTop>.
WARNING:Xst:2677 - Node <btns/clkcnt_11> of sequential type is unconnected in block <AudioTop>.
WARNING:Xst:2677 - Node <btns/clkcnt_10> of sequential type is unconnected in block <AudioTop>.
WARNING:Xst:2677 - Node <btns/clkcnt_9> of sequential type is unconnected in block <AudioTop>.
WARNING:Xst:2677 - Node <btns/clkcnt_8> of sequential type is unconnected in block <AudioTop>.
WARNING:Xst:2677 - Node <btns/clkcnt_7> of sequential type is unconnected in block <AudioTop>.
WARNING:Xst:2677 - Node <btns/clkcnt_6> of sequential type is unconnected in block <AudioTop>.
WARNING:Xst:2677 - Node <btns/clkcnt_5> of sequential type is unconnected in block <AudioTop>.
WARNING:Xst:2677 - Node <btns/clkcnt_4> of sequential type is unconnected in block <AudioTop>.
WARNING:Xst:2677 - Node <btns/clkcnt_3> of sequential type is unconnected in block <AudioTop>.
WARNING:Xst:2677 - Node <btns/clkcnt_2> of sequential type is unconnected in block <AudioTop>.
WARNING:Xst:2677 - Node <btns/clkcnt_1> of sequential type is unconnected in block <AudioTop>.
WARNING:Xst:2677 - Node <btns/clkcnt_0> of sequential type is unconnected in block <AudioTop>.
WARNING:Xst:2677 - Node <btns/delay3_3> of sequential type is unconnected in block <AudioTop>.
WARNING:Xst:2677 - Node <btns/delay3_2> of sequential type is unconnected in block <AudioTop>.
WARNING:Xst:2677 - Node <btns/delay3_1> of sequential type is unconnected in block <AudioTop>.
WARNING:Xst:2677 - Node <btns/delay3_0> of sequential type is unconnected in block <AudioTop>.
WARNING:Xst:2677 - Node <btns/delay2_3> of sequential type is unconnected in block <AudioTop>.
WARNING:Xst:2677 - Node <btns/delay2_2> of sequential type is unconnected in block <AudioTop>.
WARNING:Xst:2677 - Node <btns/delay2_1> of sequential type is unconnected in block <AudioTop>.
WARNING:Xst:2677 - Node <btns/delay2_0> of sequential type is unconnected in block <AudioTop>.
WARNING:Xst:2677 - Node <btns/delay1_3> of sequential type is unconnected in block <AudioTop>.
WARNING:Xst:2677 - Node <btns/delay1_2> of sequential type is unconnected in block <AudioTop>.
WARNING:Xst:2677 - Node <btns/delay1_1> of sequential type is unconnected in block <AudioTop>.
WARNING:Xst:2677 - Node <btns/delay1_0> of sequential type is unconnected in block <AudioTop>.
WARNING:Xst:2677 - Node <btns/cclk> of sequential type is unconnected in block <AudioTop>.

Mapping all equations...
Building and optimizing final netlist ...
Found area constraint ratio of 100 (+ 5) on block AudioTop, actual ratio is 0.

Final Macro Processing ...

=========================================================================
Final Register Report

Macro Statistics
# Registers                                            : 19
 Flip-Flops                                            : 19

=========================================================================

=========================================================================
*                           Partition Report                            *
=========================================================================

Partition Implementation Status
-------------------------------

  No Partitions were found in this design.

-------------------------------

=========================================================================
*                            Final Report                               *
=========================================================================
Final Results
RTL Top Level Output File Name     : AudioTop.ngr
Top Level Output File Name         : AudioTop
Output Format                      : NGC
Optimization Goal                  : Speed
Keep Hierarchy                     : No

Design Statistics
# IOs                              : 26

Cell Usage :
# BELS                             : 62
#      GND                         : 1
#      INV                         : 1
#      LUT1                        : 18
#      LUT2                        : 4
#      MUXCY                       : 18
#      VCC                         : 1
#      XORCY                       : 19
# FlipFlops/Latches                : 19
#      FDC                         : 19
# Clock Buffers                    : 1
#      BUFGP                       : 1
# IO Buffers                       : 20
#      IBUF                        : 1
#      OBUF                        : 19
=========================================================================

Device utilization summary:
---------------------------

Selected Device : 3s500efg320-4 

 Number of Slices:                       12  out of   4656     0%  
 Number of Slice Flip Flops:             19  out of   9312     0%  
 Number of 4 input LUTs:                 23  out of   9312     0%  
 Number of IOs:                          26
 Number of bonded IOBs:                  21  out of    232     9%  
 Number of GCLKs:                         1  out of     24     4%  

---------------------------
Partition Resource Summary:
---------------------------

  No Partitions were found in this design.

---------------------------


=========================================================================
TIMING REPORT

NOTE: THESE TIMING NUMBERS ARE ONLY A SYNTHESIS ESTIMATE.
      FOR ACCURATE TIMING INFORMATION PLEASE REFER TO THE TRACE REPORT
      GENERATED AFTER PLACE-and-ROUTE.

Clock Information:
------------------
-----------------------------------+------------------------+-------+
Clock Signal                       | Clock buffer(FF name)  | Load  |
-----------------------------------+------------------------+-------+
clk50mhz                           | BUFGP                  | 19    |
-----------------------------------+------------------------+-------+

Asynchronous Control Signals Information:
----------------------------------------
-----------------------------------+------------------------+-------+
Control Signal                     | Buffer(FF name)        | Load  |
-----------------------------------+------------------------+-------+
btn<0>                             | IBUF                   | 19    |
-----------------------------------+------------------------+-------+

Timing Summary:
---------------
Speed Grade: -4

   Minimum period: 4.410ns (Maximum Frequency: 226.757MHz)
   Minimum input arrival time before clock: No path found
   Maximum output required time after clock: 5.795ns
   Maximum combinational path delay: No path found

Timing Detail:
--------------
All values displayed in nanoseconds (ns)

=========================================================================
Timing constraint: Default period analysis for Clock 'clk50mhz'
  Clock period: 4.410ns (frequency: 226.757MHz)
  Total number of paths / destination ports: 190 / 19
-------------------------------------------------------------------------
Delay:               4.410ns (Levels of Logic = 19)
  Source:            Display/clkdiv_1 (FF)
  Destination:       Display/clkdiv_18 (FF)
  Source Clock:      clk50mhz rising
  Destination Clock: clk50mhz rising

  Data Path: Display/clkdiv_1 to Display/clkdiv_18
                                Gate     Net
    Cell:in->out      fanout   Delay   Delay  Logical Name (Net Name)
    ----------------------------------------  ------------
     FDC:C->Q              1   0.591   0.595  Display/clkdiv_1 (Display/clkdiv_1)
     LUT1:I0->O            1   0.704   0.000  Display/Mcount_clkdiv_cy<1>_rt (Display/Mcount_clkdiv_cy<1>_rt)
     MUXCY:S->O            1   0.464   0.000  Display/Mcount_clkdiv_cy<1> (Display/Mcount_clkdiv_cy<1>)
     MUXCY:CI->O           1   0.059   0.000  Display/Mcount_clkdiv_cy<2> (Display/Mcount_clkdiv_cy<2>)
     MUXCY:CI->O           1   0.059   0.000  Display/Mcount_clkdiv_cy<3> (Display/Mcount_clkdiv_cy<3>)
     MUXCY:CI->O           1   0.059   0.000  Display/Mcount_clkdiv_cy<4> (Display/Mcount_clkdiv_cy<4>)
     MUXCY:CI->O           1   0.059   0.000  Display/Mcount_clkdiv_cy<5> (Display/Mcount_clkdiv_cy<5>)
     MUXCY:CI->O           1   0.059   0.000  Display/Mcount_clkdiv_cy<6> (Display/Mcount_clkdiv_cy<6>)
     MUXCY:CI->O           1   0.059   0.000  Display/Mcount_clkdiv_cy<7> (Display/Mcount_clkdiv_cy<7>)
     MUXCY:CI->O           1   0.059   0.000  Display/Mcount_clkdiv_cy<8> (Display/Mcount_clkdiv_cy<8>)
     MUXCY:CI->O           1   0.059   0.000  Display/Mcount_clkdiv_cy<9> (Display/Mcount_clkdiv_cy<9>)
     MUXCY:CI->O           1   0.059   0.000  Display/Mcount_clkdiv_cy<10> (Display/Mcount_clkdiv_cy<10>)
     MUXCY:CI->O           1   0.059   0.000  Display/Mcount_clkdiv_cy<11> (Display/Mcount_clkdiv_cy<11>)
     MUXCY:CI->O           1   0.059   0.000  Display/Mcount_clkdiv_cy<12> (Display/Mcount_clkdiv_cy<12>)
     MUXCY:CI->O           1   0.059   0.000  Display/Mcount_clkdiv_cy<13> (Display/Mcount_clkdiv_cy<13>)
     MUXCY:CI->O           1   0.059   0.000  Display/Mcount_clkdiv_cy<14> (Display/Mcount_clkdiv_cy<14>)
     MUXCY:CI->O           1   0.059   0.000  Display/Mcount_clkdiv_cy<15> (Display/Mcount_clkdiv_cy<15>)
     MUXCY:CI->O           1   0.059   0.000  Display/Mcount_clkdiv_cy<16> (Display/Mcount_clkdiv_cy<16>)
     MUXCY:CI->O           0   0.059   0.000  Display/Mcount_clkdiv_cy<17> (Display/Mcount_clkdiv_cy<17>)
     XORCY:CI->O           1   0.804   0.000  Display/Mcount_clkdiv_xor<18> (Display/Result<18>)
     FDC:D                     0.308          Display/clkdiv_18
    ----------------------------------------
    Total                      4.410ns (3.815ns logic, 0.595ns route)
                                       (86.5% logic, 13.5% route)

=========================================================================
Timing constraint: Default OFFSET OUT AFTER for Clock 'clk50mhz'
  Total number of paths / destination ports: 8 / 4
-------------------------------------------------------------------------
Offset:              5.795ns (Levels of Logic = 2)
  Source:            Display/clkdiv_17 (FF)
  Destination:       an<3> (PAD)
  Source Clock:      clk50mhz rising

  Data Path: Display/clkdiv_17 to an<3>
                                Gate     Net
    Cell:in->out      fanout   Delay   Delay  Logical Name (Net Name)
    ----------------------------------------  ------------
     FDC:C->Q              5   0.591   0.808  Display/clkdiv_17 (Display/clkdiv_17)
     LUT2:I0->O            1   0.704   0.420  Display/anodo_3_mux00011 (an_3_OBUF)
     OBUF:I->O                 3.272          an_3_OBUF (an<3>)
    ----------------------------------------
    Total                      5.795ns (4.567ns logic, 1.228ns route)
                                       (78.8% logic, 21.2% route)

=========================================================================


Total REAL time to Xst completion: 15.00 secs
Total CPU time to Xst completion: 15.34 secs
 
--> 

Total memory usage is 259256 kilobytes

Number of errors   :    0 (   0 filtered)
Number of warnings :  215 (   0 filtered)
Number of infos    :    2 (   0 filtered)

